<?xml version="1.0" encoding="UTF-8"?>
<!-- Generated by org.testng.reporters.JUnitReportReporter -->
<testsuite hostname="Hedwig" failures="0" tests="1" name="testPackage.TestAtt" time="10.058" errors="0" timestamp="2022-05-17T20:54:26 CDT" skipped="0">
  <testcase classname="testPackage.TestAtt" name="invalidSignInTestMethod" time="10.058"/>
  <system-out>
    <![CDATA[Element is clicking.
Element is clicking.
nabilahossain : value passed to element :[[ChromeDriver: chrome on WINDOWS (e48aac0eb740b60e13f65ba753b7e33c)] -> xpath: //input[@id='userID']]
naomI1234 : value passed to element :[[ChromeDriver: chrome on WINDOWS (e48aac0eb740b60e13f65ba753b7e33c)] -> xpath: //input[@id='password']]
Element is clicking.]]>
  </system-out>
</testsuite> <!-- testPackage.TestAtt -->
